<?xml version="1.0" encoding="UTF-8"?>
<!-- Generated by org.testng.reporters.JUnitReportReporter -->
<testsuite hostname="Deepikas-MBP.attlocal.net" failures="0" tests="1" name="com.day2.groups.SecondClass" time="0.003" errors="0" timestamp="2023-03-16T23:21:37 PDT" skipped="0">
  <testcase classname="com.day2.groups.SecondClass" name="test1" time="0.003"/>
  <system-out/>
</testsuite> <!-- com.day2.groups.SecondClass -->
