<?xml version="1.0" encoding="UTF-8"?>
<!-- Generated by org.testng.reporters.JUnitReportReporter -->
<testsuite hostname="Deepikas-MBP.attlocal.net" failures="0" tests="1" name="com.day2.group.PersonalLoan" time="0.013" errors="0" timestamp="2023-03-16T00:13:59 PDT" skipped="0">
  <testcase classname="com.day2.group.PersonalLoan" name="WebLogin" time="0.013"/>
  <system-out/>
</testsuite> <!-- com.day2.group.PersonalLoan -->
