<?xml version="1.0" encoding="UTF-8"?>
<!-- Generated by org.testng.reporters.JUnitReportReporter -->
<testsuite hostname="Deepikas-MBP.attlocal.net" failures="0" tests="5" name="com.day2.group.MultipleGroupName" time="0.089" errors="0" timestamp="2023-03-16T00:36:44 PDT" skipped="0">
  <testcase classname="com.day2.group.MultipleGroupName" name="test2" time="0.005"/>
  <system-out/>
  <testcase classname="com.day2.group.MultipleGroupName" name="test3" time="0.015"/>
  <system-out/>
  <testcase classname="com.day2.group.MultipleGroupName" name="test2" time="0.015"/>
  <system-out/>
  <testcase classname="com.day2.group.MultipleGroupName" name="test3" time="0.008"/>
  <system-out/>
  <testcase classname="com.day2.group.MultipleGroupName" name="test1" time="0.046"/>
  <system-out/>
</testsuite> <!-- com.day2.group.MultipleGroupName -->
