<?xml version="1.0" encoding="UTF-8"?>
<!-- Generated by org.testng.reporters.JUnitReportReporter -->
<testsuite hostname="Deepikas-MBP.attlocal.net" failures="0" tests="2" name="com.day2.group.HomeLoan" time="0.003" errors="0" timestamp="2023-03-16T00:13:59 PDT" skipped="0">
  <testcase classname="com.day2.group.HomeLoan" name="MobileLogin" time="0.001"/>
  <system-out/>
  <testcase classname="com.day2.group.HomeLoan" name="test1" time="0.002"/>
  <system-out/>
</testsuite> <!-- com.day2.group.HomeLoan -->
