<?xml version="1.0" encoding="UTF-8"?>
<!-- Generated by org.testng.reporters.JUnitReportReporter -->
<testsuite hostname="Deepikas-MBP.attlocal.net" failures="0" tests="1" name="Day01.Annotations.First" time="0.011" errors="0" timestamp="2023-03-14T23:31:18 PDT" skipped="0">
  <testcase classname="Day01.Annotations.First" name="login" time="0.011"/>
  <system-out/>
</testsuite> <!-- Day01.Annotations.First -->
