<?xml version="1.0" encoding="UTF-8"?>
<!-- Generated by org.testng.reporters.JUnitReportReporter -->
<testsuite hostname="Deepikas-MBP.attlocal.net" failures="0" tests="1" name="FirefoxTest" time="6.223" errors="0" timestamp="2023-09-18T10:33:12 PDT" skipped="0">
  <testcase classname="FirefoxTest" name="HomePageCheck" time="6.223"/>
  <system-out/>
</testsuite> <!-- FirefoxTest -->
