<?xml version="1.0" encoding="UTF-8"?>
<!-- Generated by org.testng.reporters.JUnitReportReporter -->
<testsuite hostname="Deepikas-MBP.attlocal.net" failures="0" tests="1" name="SafariTest" time="4.281" errors="0" timestamp="2023-09-18T10:33:12 PDT" skipped="0">
  <testcase classname="SafariTest" name="HomePageCheck" time="4.281"/>
  <system-out/>
</testsuite> <!-- SafariTest -->
