<?xml version="1.0" encoding="UTF-8"?>
<!-- Generated by org.testng.reporters.JUnitReportReporter -->
<testsuite hostname="deepikas-mbp.lan" failures="0" tests="1" name="GoogleTest" time="26.905" errors="0" timestamp="2023-07-11T22:33:14 PDT" skipped="0">
  <testcase classname="GoogleTest" name="HomePageCheck" time="26.905"/>
  <system-out/>
</testsuite> <!-- GoogleTest -->
