<?xml version="1.0" encoding="UTF-8"?>
<!-- Generated by org.testng.reporters.JUnitReportReporter -->
<testsuite hostname="deepikas-mbp.lan" failures="0" tests="1" name="SafariTest" time="3.855" errors="0" timestamp="2023-07-11T22:33:14 PDT" skipped="0">
  <testcase classname="SafariTest" name="HomePageCheck" time="3.855"/>
  <system-out/>
</testsuite> <!-- SafariTest -->
