<?xml version="1.0" encoding="UTF-8"?>
<!-- Generated by org.testng.reporters.JUnitReportReporter -->
<testsuite hostname="Deepikas-MBP.attlocal.net" failures="0" tests="2" name="com.training.testcases.LoginTest" time="12.188" errors="0" timestamp="2023-03-29T12:59:15 PDT" skipped="0">
  <testcase classname="com.training.testcases.LoginTest" name="login" time="7.068"/>
  <system-out/>
  <testcase classname="com.training.testcases.LoginTest" name="login" time="5.120"/>
  <system-out/>
</testsuite> <!-- com.training.testcases.LoginTest -->
