<?xml version="1.0" encoding="UTF-8"?>
<!-- Generated by org.testng.reporters.JUnitReportReporter -->
<testsuite hostname="Deepikas-MBP.attlocal.net" failures="0" tests="3" name="com.training.testcases.HomeTest" time="12.954" errors="0" timestamp="2023-03-28T17:14:57 PDT" skipped="0">
  <testcase classname="com.training.testcases.HomeTest" name="enterpostaladdress" time="4.144"/>
  <system-out/>
  <testcase classname="com.training.testcases.HomeTest" name="enterfirstname" time="4.665"/>
  <system-out/>
  <testcase classname="com.training.testcases.HomeTest" name="enterfathername" time="4.145"/>
  <system-out/>
</testsuite> <!-- com.training.testcases.HomeTest -->
