<?xml version="1.0" encoding="UTF-8"?>
<!-- Generated by org.testng.reporters.JUnitReportReporter -->
<testsuite hostname="Deepikas-MBP.attlocal.net" failures="0" tests="3" name="com.training.testcases.HomeTest" time="12.863" errors="0" timestamp="2023-03-27T11:27:02 PDT" skipped="0">
  <testcase classname="com.training.testcases.HomeTest" name="enterfirstname" time="4.201"/>
  <system-out/>
  <testcase classname="com.training.testcases.HomeTest" name="enterfathername" time="4.222"/>
  <system-out/>
  <testcase classname="com.training.testcases.HomeTest" name="enterpostaladdress" time="4.440"/>
  <system-out/>
</testsuite> <!-- com.training.testcases.HomeTest -->
