<?xml version="1.0" encoding="UTF-8"?>
<!-- Generated by org.testng.reporters.JUnitReportReporter -->
<testsuite hostname="Deepikas-MBP.attlocal.net" failures="0" tests="1" name="com.training.testcases.LoginTest" time="7.641" errors="0" timestamp="2023-03-27T11:27:02 PDT" skipped="0">
  <testcase classname="com.training.testcases.LoginTest" name="login" time="7.641"/>
  <system-out/>
</testsuite> <!-- com.training.testcases.LoginTest -->
