<?xml version="1.0" encoding="UTF-8"?>
<!-- Generated by org.testng.reporters.JUnitReportReporter -->
<testsuite hostname="deepikas-mbp.lan" failures="0" tests="1" name="com.training.testcases.LoginTest" time="988.561" errors="0" timestamp="2023-03-30T01:36:40 PDT" skipped="0">
  <testcase classname="com.training.testcases.LoginTest" name="login" time="988.561"/>
  <system-out/>
</testsuite> <!-- com.training.testcases.LoginTest -->
